<?xml version="1.0" encoding="UTF-8" ?>
<testsuite tests="13" failures="0" name="InventoryTest" time="0.004" errors="0" skipped="0">
  <properties>
[...]
</properties>
  <testcase classname="InventoryTest" name="should_increase_backstage_passes_quality_by_3_when_the_concert_is_5_days_or_less_away" time="0.004"/>
  <testcase classname="InventoryTest" name="should_increase_backstage_passes_quality_by_2_when_the_concert_is_10_days_or_less_away" time="0"/>
  <testcase classname="InventoryTest" name="should_not_lower_the_quality_below_zero" time="0"/>
  <testcase classname="InventoryTest" name="should_lower_the_quality_by_one_for_normal_items" time="0"/>
  <testcase classname="InventoryTest" name="should_lower_backstage_passes_to_zero_quality_once_concert_has_happened" time="0"/>
  <testcase classname="InventoryTest" name="should_never_changes_sellIn_of_Sulfuras" time="0"/>
  <testcase classname="InventoryTest" name="should_increase_the_quality_of_aged_brie_as_it_gets_older" time="0"/>
  <testcase classname="InventoryTest" name="should_not_increase_backstage_passes_above_a_quality_of_50" time="0"/>
  <testcase classname="InventoryTest" name="should_never_changes_quailty_of_Sulfuras" time="0"/>
  <testcase classname="InventoryTest" name="should_not_increase_the_quality_of_aged_brie_over_50" time="0"/>
  <testcase classname="InventoryTest" name="should_lower_the_sellIn_by_one_for_normal_items" time="0"/>
  <testcase classname="InventoryTest" name="should_increase_backstage_passes_quality_by_1_when_the_concert_is_more_than_10_days_away" time="0"/>
  <testcase classname="InventoryTest" name="should_lower_the_quality_twice_as_fast_once_the_sell_in_date_has_passed" time="0"/>
</testsuite>